<?xml version="1.0" encoding="UTF-8"?>
<!-- Generated by org.testng.reporters.JUnitReportReporter -->
<testsuite hostname="PC-ICEN350" failures="0" tests="2" name="cucumbertests.TestNGTestRunner" time="18.443" errors="0" timestamp="2022-12-16T17:27:45 EST" skipped="0">
  <testcase classname="cucumbertests.TestNGTestRunner" name="runScenario" time="12.163"/>
  <system-out/>
  <testcase classname="cucumbertests.TestNGTestRunner" name="runScenario" time="6.280"/>
  <system-out/>
</testsuite> <!-- cucumbertests.TestNGTestRunner -->
