<?xml version="1.0" encoding="UTF-8"?>
<!-- Generated by org.testng.reporters.JUnitReportReporter -->
<testsuite hostname="PC-ICEN350" failures="0" tests="3" name="Centric.ShoppingStoreTests.SubmitOrderTest" time="114.612" errors="0" timestamp="2022-12-16T17:08:28 EST" skipped="0">
  <testcase classname="Centric.ShoppingStoreTests.SubmitOrderTest" name="submitOrder" time="59.300"/>
  <system-out/>
  <testcase classname="Centric.ShoppingStoreTests.SubmitOrderTest" name="submitOrder" time="30.582"/>
  <system-out/>
  <testcase classname="Centric.ShoppingStoreTests.SubmitOrderTest" name="orderNumberHistory" time="24.730"/>
  <system-out/>
</testsuite> <!-- Centric.ShoppingStoreTests.SubmitOrderTest -->
