<?xml version="1.0" encoding="UTF-8"?>
<!-- Generated by org.testng.reporters.JUnitReportReporter -->
<testsuite hostname="PC-ICEN350" failures="0" tests="2" name="Centric.ShoppingStoreTests.ErrorValidationTest" time="64.611" errors="0" timestamp="2022-12-16T17:08:29 EST" skipped="0">
  <testcase classname="Centric.ShoppingStoreTests.ErrorValidationTest" name="invalidPassword" time="27.468"/>
  <system-out/>
  <testcase classname="Centric.ShoppingStoreTests.ErrorValidationTest" name="invalidUserID" time="37.143"/>
  <system-out/>
</testsuite> <!-- Centric.ShoppingStoreTests.ErrorValidationTest -->
