<?xml version="1.0" encoding="UTF-8"?>
<!-- Generated by org.testng.reporters.JUnitReportReporter -->
<testsuite hostname="PC-ICEN350" failures="0" tests="1" name="Centric.ShoppingStoreTests.StandAloneTest" time="42.332" errors="0" timestamp="2022-12-02T15:54:03 EST" skipped="0">
  <testcase classname="Centric.ShoppingStoreTests.StandAloneTest" name="orderConfirmedTest" time="42.332"/>
  <system-out/>
</testsuite> <!-- Centric.ShoppingStoreTests.StandAloneTest -->
